# JRE version: OpenJDK Runtime Environment (21.0.2+13) (build 21.0.2+13-58)
# Java VM: OpenJDK 64-Bit Server VM (21.0.2+13-58, mixed mode, sharing, tiered, compressed oops, compressed class ptrs, g1 gc, bsd-aarch64)
Heap:
 garbage-first heap   total 110592K, used 57034K [0x0000000700000000, 0x0000000800000000)
  region size 2048K, 14 young (28672K), 1 survivors (2048K)
 Metaspace       used 62092K, committed 62528K, reserved 1114112K
  class space    used 8772K, committed 8960K, reserved 1048576K
GC Heap History (16 events):
Event: 0.182 GC heap before
{Heap before GC invocations=0 (full 0):
 garbage-first heap   total 264192K, used 23564K [0x0000000700000000, 0x0000000800000000)
  region size 2048K, 11 young (22528K), 0 survivors (0K)
 Metaspace       used 4339K, committed 4544K, reserved 1114112K
  class space    used 490K, committed 576K, reserved 1048576K
}
Event: 0.183 GC heap after
{Heap after GC invocations=1 (full 0):
 garbage-first heap   total 264192K, used 4858K [0x0000000700000000, 0x0000000800000000)
  region size 2048K, 2 young (4096K), 2 survivors (4096K)
 Metaspace       used 4339K, committed 4544K, reserved 1114112K
  class space    used 490K, committed 576K, reserved 1048576K
}
Event: 0.876 GC heap before
{Heap before GC invocations=1 (full 0):
 garbage-first heap   total 264192K, used 51962K [0x0000000700000000, 0x0000000800000000)
  region size 2048K, 26 young (53248K), 2 survivors (4096K)
 Metaspace       used 21296K, committed 21504K, reserved 1114112K
  class space    used 2643K, committed 2752K, reserved 1048576K
}
Event: 0.879 GC heap after
{Heap after GC invocations=2 (full 0):
 garbage-first heap   total 264192K, used 9095K [0x0000000700000000, 0x0000000800000000)
  region size 2048K, 4 young (8192K), 4 survivors (8192K)
 Metaspace       used 21296K, committed 21504K, reserved 1114112K
  class space    used 2643K, committed 2752K, reserved 1048576K
}
Event: 1.086 GC heap before
{Heap before GC invocations=3 (full 0):
 garbage-first heap   total 40960K, used 39815K [0x0000000700000000, 0x0000000800000000)
  region size 2048K, 19 young (38912K), 4 survivors (8192K)
 Metaspace       used 28677K, committed 28992K, reserved 1114112K
  class space    used 3549K, committed 3712K, reserved 1048576K
}
Event: 1.090 GC heap after
{Heap after GC invocations=4 (full 0):
 garbage-first heap   total 51200K, used 11276K [0x0000000700000000, 0x0000000800000000)
  region size 2048K, 5 young (10240K), 5 survivors (10240K)
 Metaspace       used 28677K, committed 28992K, reserved 1114112K
  class space    used 3549K, committed 3712K, reserved 1048576K
}
Event: 1.189 GC heap before
{Heap before GC invocations=4 (full 0):
 garbage-first heap   total 51200K, used 31756K [0x0000000700000000, 0x0000000800000000)
  region size 2048K, 15 young (30720K), 5 survivors (10240K)
 Metaspace       used 33025K, committed 33408K, reserved 1114112K
  class space    used 4190K, committed 4352K, reserved 1048576K
}
Event: 1.194 GC heap after
{Heap after GC invocations=5 (full 0):
 garbage-first heap   total 51200K, used 12541K [0x0000000700000000, 0x0000000800000000)
  region size 2048K, 1 young (2048K), 1 survivors (2048K)
 Metaspace       used 33025K, committed 33408K, reserved 1114112K
  class space    used 4190K, committed 4352K, reserved 1048576K
}
Event: 1.259 GC heap before
{Heap before GC invocations=5 (full 0):
 garbage-first heap   total 51200K, used 20733K [0x0000000700000000, 0x0000000800000000)
  region size 2048K, 6 young (12288K), 1 survivors (2048K)
 Metaspace       used 35795K, committed 36096K, reserved 1114112K
  class space    used 4614K, committed 4736K, reserved 1048576K
}
Event: 1.261 GC heap after
{Heap after GC invocations=6 (full 0):
 garbage-first heap   total 51200K, used 12575K [0x0000000700000000, 0x0000000800000000)
  region size 2048K, 1 young (2048K), 1 survivors (2048K)
 Metaspace       used 35795K, committed 36096K, reserved 1114112K
  class space    used 4614K, committed 4736K, reserved 1048576K
}
Event: 1.438 GC heap before
{Heap before GC invocations=7 (full 0):
 garbage-first heap   total 51200K, used 39199K [0x0000000700000000, 0x0000000800000000)
  region size 2048K, 15 young (30720K), 1 survivors (2048K)
 Metaspace       used 41001K, committed 41408K, reserved 1114112K
  class space    used 5324K, committed 5504K, reserved 1048576K
}
Event: 1.441 GC heap after
{Heap after GC invocations=8 (full 0):
 garbage-first heap   total 157696K, used 13829K [0x0000000700000000, 0x0000000800000000)
  region size 2048K, 2 young (4096K), 2 survivors (4096K)
 Metaspace       used 41001K, committed 41408K, reserved 1114112K
  class space    used 5324K, committed 5504K, reserved 1048576K
}
Event: 2.241 GC heap before
{Heap before GC invocations=8 (full 0):
 garbage-first heap   total 157696K, used 112133K [0x0000000700000000, 0x0000000800000000)
  region size 2048K, 46 young (94208K), 2 survivors (4096K)
 Metaspace       used 56829K, committed 57280K, reserved 1114112K
  class space    used 7795K, committed 8000K, reserved 1048576K
}
Event: 2.248 GC heap after
{Heap after GC invocations=9 (full 0):
 garbage-first heap   total 157696K, used 31228K [0x0000000700000000, 0x0000000800000000)
  region size 2048K, 6 young (12288K), 6 survivors (12288K)
 Metaspace       used 56829K, committed 57280K, reserved 1114112K
  class space    used 7795K, committed 8000K, reserved 1048576K
}
Event: 7.274 GC heap before
{Heap before GC invocations=9 (full 0):
 garbage-first heap   total 157696K, used 55804K [0x0000000700000000, 0x0000000800000000)
  region size 2048K, 18 young (36864K), 6 survivors (12288K)
 Metaspace       used 59953K, committed 60416K, reserved 1114112K
  class space    used 8358K, committed 8576K, reserved 1048576K
}
Event: 7.282 GC heap after
{Heap after GC invocations=10 (full 0):
 garbage-first heap   total 157696K, used 30410K [0x0000000700000000, 0x0000000800000000)
  region size 2048K, 1 young (2048K), 1 survivors (2048K)
 Metaspace       used 59953K, committed 60416K, reserved 1114112K
  class space    used 8358K, committed 8576K, reserved 1048576K
}

