# JRE version: OpenJDK Runtime Environment (21.0.2+13) (build 21.0.2+13-58)
# Java VM: OpenJDK 64-Bit Server VM (21.0.2+13-58, mixed mode, sharing, tiered, compressed oops, compressed class ptrs, g1 gc, bsd-aarch64)
Heap:
 garbage-first heap   total 135168K, used 50426K [0x0000000700000000, 0x0000000800000000)
  region size 2048K, 8 young (16384K), 3 survivors (6144K)
 Metaspace       used 63778K, committed 64320K, reserved 1114112K
  class space    used 8900K, committed 9152K, reserved 1048576K
GC Heap History (18 events):
Event: 0.190 GC heap before
{Heap before GC invocations=0 (full 0):
 garbage-first heap   total 264192K, used 21516K [0x0000000700000000, 0x0000000800000000)
  region size 2048K, 11 young (22528K), 0 survivors (0K)
 Metaspace       used 4336K, committed 4544K, reserved 1114112K
  class space    used 490K, committed 576K, reserved 1048576K
}
Event: 0.191 GC heap after
{Heap after GC invocations=1 (full 0):
 garbage-first heap   total 264192K, used 4582K [0x0000000700000000, 0x0000000800000000)
  region size 2048K, 2 young (4096K), 2 survivors (4096K)
 Metaspace       used 4336K, committed 4544K, reserved 1114112K
  class space    used 490K, committed 576K, reserved 1048576K
}
Event: 0.818 GC heap before
{Heap before GC invocations=1 (full 0):
 garbage-first heap   total 264192K, used 51686K [0x0000000700000000, 0x0000000800000000)
  region size 2048K, 26 young (53248K), 2 survivors (4096K)
 Metaspace       used 21282K, committed 21504K, reserved 1114112K
  class space    used 2643K, committed 2752K, reserved 1048576K
}
Event: 0.821 GC heap after
{Heap after GC invocations=2 (full 0):
 garbage-first heap   total 264192K, used 8579K [0x0000000700000000, 0x0000000800000000)
  region size 2048K, 4 young (8192K), 4 survivors (8192K)
 Metaspace       used 21282K, committed 21504K, reserved 1114112K
  class space    used 2643K, committed 2752K, reserved 1048576K
}
Event: 1.040 GC heap before
{Heap before GC invocations=3 (full 0):
 garbage-first heap   total 40960K, used 39299K [0x0000000700000000, 0x0000000800000000)
  region size 2048K, 19 young (38912K), 4 survivors (8192K)
 Metaspace       used 28477K, committed 28800K, reserved 1114112K
  class space    used 3523K, committed 3712K, reserved 1048576K
}
Event: 1.044 GC heap after
{Heap after GC invocations=4 (full 0):
 garbage-first heap   total 53248K, used 11688K [0x0000000700000000, 0x0000000800000000)
  region size 2048K, 6 young (12288K), 6 survivors (12288K)
 Metaspace       used 28477K, committed 28800K, reserved 1114112K
  class space    used 3523K, committed 3712K, reserved 1048576K
}
Event: 1.140 GC heap before
{Heap before GC invocations=4 (full 0):
 garbage-first heap   total 53248K, used 30120K [0x0000000700000000, 0x0000000800000000)
  region size 2048K, 15 young (30720K), 6 survivors (12288K)
 Metaspace       used 32210K, committed 32512K, reserved 1114112K
  class space    used 3970K, committed 4096K, reserved 1048576K
}
Event: 1.146 GC heap after
{Heap after GC invocations=5 (full 0):
 garbage-first heap   total 53248K, used 12888K [0x0000000700000000, 0x0000000800000000)
  region size 2048K, 1 young (2048K), 1 survivors (2048K)
 Metaspace       used 32210K, committed 32512K, reserved 1114112K
  class space    used 3970K, committed 4096K, reserved 1048576K
}
Event: 1.228 GC heap before
{Heap before GC invocations=5 (full 0):
 garbage-first heap   total 53248K, used 25176K [0x0000000700000000, 0x0000000800000000)
  region size 2048K, 8 young (16384K), 1 survivors (2048K)
 Metaspace       used 35771K, committed 36096K, reserved 1114112K
  class space    used 4616K, committed 4736K, reserved 1048576K
}
Event: 1.230 GC heap after
{Heap after GC invocations=6 (full 0):
 garbage-first heap   total 53248K, used 12909K [0x0000000700000000, 0x0000000800000000)
  region size 2048K, 1 young (2048K), 1 survivors (2048K)
 Metaspace       used 35771K, committed 36096K, reserved 1114112K
  class space    used 4616K, committed 4736K, reserved 1048576K
}
Event: 1.412 GC heap before
{Heap before GC invocations=7 (full 0):
 garbage-first heap   total 53248K, used 41581K [0x0000000700000000, 0x0000000800000000)
  region size 2048K, 15 young (30720K), 1 survivors (2048K)
 Metaspace       used 40867K, committed 41280K, reserved 1114112K
  class space    used 5325K, committed 5504K, reserved 1048576K
}
Event: 1.414 GC heap after
{Heap after GC invocations=8 (full 0):
 garbage-first heap   total 53248K, used 14235K [0x0000000700000000, 0x0000000800000000)
  region size 2048K, 2 young (4096K), 2 survivors (4096K)
 Metaspace       used 40867K, committed 41280K, reserved 1114112K
  class space    used 5325K, committed 5504K, reserved 1048576K
}
Event: 1.670 GC heap before
{Heap before GC invocations=8 (full 0):
 garbage-first heap   total 53248K, used 42907K [0x0000000700000000, 0x0000000800000000)
  region size 2048K, 15 young (30720K), 2 survivors (4096K)
 Metaspace       used 47241K, committed 47680K, reserved 1114112K
  class space    used 6218K, committed 6400K, reserved 1048576K
}
Event: 1.674 GC heap after
{Heap after GC invocations=9 (full 0):
 garbage-first heap   total 157696K, used 17018K [0x0000000700000000, 0x0000000800000000)
  region size 2048K, 2 young (4096K), 2 survivors (4096K)
 Metaspace       used 47241K, committed 47680K, reserved 1114112K
  class space    used 6218K, committed 6400K, reserved 1048576K
}
Event: 4.478 GC heap before
{Heap before GC invocations=9 (full 0):
 garbage-first heap   total 157696K, used 105082K [0x0000000700000000, 0x0000000800000000)
  region size 2048K, 44 young (90112K), 2 survivors (4096K)
 Metaspace       used 59969K, committed 60416K, reserved 1114112K
  class space    used 8513K, committed 8704K, reserved 1048576K
}
Event: 4.483 GC heap after
{Heap after GC invocations=10 (full 0):
 garbage-first heap   total 157696K, used 31762K [0x0000000700000000, 0x0000000800000000)
  region size 2048K, 6 young (12288K), 6 survivors (12288K)
 Metaspace       used 59969K, committed 60416K, reserved 1114112K
  class space    used 8513K, committed 8704K, reserved 1048576K
}
Event: 50.778 GC heap before
{Heap before GC invocations=11 (full 0):
 garbage-first heap   total 116736K, used 113682K [0x0000000700000000, 0x0000000800000000)
  region size 2048K, 41 young (83968K), 6 survivors (12288K)
 Metaspace       used 63615K, committed 64192K, reserved 1114112K
  class space    used 8894K, committed 9152K, reserved 1048576K
}
Event: 50.787 GC heap after
{Heap after GC invocations=12 (full 0):
 garbage-first heap   total 135168K, used 41215K [0x0000000700000000, 0x0000000800000000)
  region size 2048K, 3 young (6144K), 3 survivors (6144K)
 Metaspace       used 63615K, committed 64192K, reserved 1114112K
  class space    used 8894K, committed 9152K, reserved 1048576K
}

